<?xml version="1.0" encoding="UTF-8"?>
<!-- Generated by org.testng.reporters.JUnitReportReporter -->
<testsuite hostname="BilalKaya" failures="0" tests="1" name="com.testautomation.tests.LoginTests" time="92.960" errors="0" timestamp="2025-07-05T19:20:25 TRT" skipped="0">
  <testcase classname="com.testautomation.tests.LoginTests" name="testSuccessfulLogin" time="92.960"/>
</testsuite> <!-- com.testautomation.tests.LoginTests -->
